<?xml version="1.0" encoding="UTF-8" ?>
<testsuite tests="22" failures="0" name="ua.pti.myatm.ATMTest" time="0.249" errors="0" skipped="0">
  <properties>
    <property name="java.vendor" value="Oracle Corporation"/>
    <property name="JOB_NAME" value="ATM"/>
    <property name="sun.java.launcher" value="SUN_STANDARD"/>
    <property name="NUMBER_OF_PROCESSORS" value="8"/>
    <property name="sun.management.compiler" value="HotSpot 64-Bit Tiered Compilers"/>
    <property name="JENKINS_HOME" value="C:\Program Files (x86)\Jenkins"/>
    <property name="HUDSON_SERVER_COOKIE" value="d17ec88b43c3f257"/>
    <property name="POM_ARTIFACTID" value="MyATM"/>
    <property name="os.name" value="Windows 8.1"/>
    <property name="sun.boot.class.path" value="C:\Program Files\Java\jdk1.8.0_66\jre\lib\resources.jar;C:\Program Files\Java\jdk1.8.0_66\jre\lib\rt.jar;C:\Program Files\Java\jdk1.8.0_66\jre\lib\sunrsasign.jar;C:\Program Files\Java\jdk1.8.0_66\jre\lib\jsse.jar;C:\Program Files\Java\jdk1.8.0_66\jre\lib\jce.jar;C:\Program Files\Java\jdk1.8.0_66\jre\lib\charsets.jar;C:\Program Files\Java\jdk1.8.0_66\jre\lib\jfr.jar;C:\Program Files\Java\jdk1.8.0_66\jre\classes"/>
    <property name="EXECUTOR_NUMBER" value="1"/>
    <property name="sun.desktop" value="windows"/>
    <property name="PATHEXT" value=".COM;.EXE;.BAT;.CMD;.VBS;.VBE;.JS;.JSE;.WSF;.WSH;.MSC"/>
    <property name="java.vm.specification.vendor" value="Oracle Corporation"/>
    <property name="POM_DISPLAYNAME" value="MyATM"/>
    <property name="NODE_LABELS" value="master"/>
    <property name="TEMP" value="C:\WINDOWS\TEMP"/>
    <property name="java.runtime.version" value="1.8.0_66-b18"/>
    <property name="user.name" value="ALEX-PC$"/>
    <property name="guice.disable.misplaced.annotation.check" value="true"/>
    <property name="CommonProgramW6432" value="C:\Program Files\Common Files"/>
    <property name="ProgramFiles" value="C:\Program Files (x86)"/>
    <property name="maven.repo.local" value="C:\Program Files (x86)\Jenkins\jobs\ATM\workspace\.repository"/>
    <property name="user.language" value="ru"/>
    <property name="BUILD_DISPLAY_NAME" value="#7"/>
    <property name="sun.boot.library.path" value="C:\Program Files\Java\jdk1.8.0_66\jre\bin"/>
    <property name="GIT_PREVIOUS_SUCCESSFUL_COMMIT" value="a690b9efac6ad3406158a4ee85297f86b964915b"/>
    <property name="VS110COMNTOOLS" value="C:\Program Files (x86)\Microsoft Visual Studio 11.0\Common7\Tools\"/>
    <property name="LOCALAPPDATA" value="C:\WINDOWS\system32\config\systemprofile\AppData\Local"/>
    <property name="java.version" value="1.8.0_66"/>
    <property name="PROCESSOR_LEVEL" value="6"/>
    <property name="user.timezone" value="Europe/Helsinki"/>
    <property name="USERNAME" value="ALEX-PC$"/>
    <property name="sun.arch.data.model" value="64"/>
    <property name="NODE_NAME" value="master"/>
    <property name="PROCESSOR_ARCHITEW6432" value="AMD64"/>
    <property name="java.endorsed.dirs" value="C:\Program Files\Java\jdk1.8.0_66\jre\lib\endorsed"/>
    <property name="BUILD_ID" value="7"/>
    <property name="sun.cpu.isalist" value="amd64"/>
    <property name="sun.jnu.encoding" value="Cp1251"/>
    <property name="file.encoding.pkg" value="sun.io"/>
    <property name="file.separator" value="\"/>
    <property name="java.specification.name" value="Java Platform API Specification"/>
    <property name="java.class.version" value="52.0"/>
    <property name="org.slf4j.simpleLogger.defaultLogLevel" value="info"/>
    <property name="user.country" value="RU"/>
    <property name="ALLUSERSPROFILE" value="C:\ProgramData"/>
    <property name="java.home" value="C:\Program Files\Java\jdk1.8.0_66\jre"/>
    <property name="java.vm.info" value="mixed mode"/>
    <property name="os.version" value="6.3"/>
    <property name="POM_VERSION" value="1.0"/>
    <property name="configsetroot" value="C:\WINDOWS\ConfigSetRoot"/>
    <property name="TMP" value="C:\WINDOWS\TEMP"/>
    <property name="path.separator" value=";"/>
    <property name="java.vm.version" value="25.66-b18"/>
    <property name="user.variant" value=""/>
    <property name="GIT_PREVIOUS_COMMIT" value="a690b9efac6ad3406158a4ee85297f86b964915b"/>
    <property name="CommonProgramFiles(x86)" value="C:\Program Files (x86)\Common Files"/>
    <property name="java.awt.printerjob" value="sun.awt.windows.WPrinterJob"/>
    <property name="FP_NO_HOST_CHECK" value="NO"/>
    <property name="JAVA_HOME" value="C:\Program Files\Java\jdk1.8.0_66"/>
    <property name="sun.io.unicode.encoding" value="UnicodeLittle"/>
    <property name="CommonProgramFiles" value="C:\Program Files (x86)\Common Files"/>
    <property name="ComSpec" value="C:\WINDOWS\system32\cmd.exe"/>
    <property name="awt.toolkit" value="sun.awt.windows.WToolkit"/>
    <property name="POM_PACKAGING" value="jar"/>
    <property name="SERVICE_ID" value="jenkins"/>
    <property name="COMPUTERNAME" value="ALEX-PC"/>
    <property name="user.script" value=""/>
    <property name="asl.log" value="Destination=file"/>
    <property name="POM_GROUPID" value="ua.pti"/>
    <property name="user.home" value="C:\WINDOWS\system32\config\systemprofile"/>
    <property name="PUBLIC" value="C:\Users\Public"/>
    <property name="BUILD_TAG" value="jenkins-ATM-7"/>
    <property name="JENKINS_SERVER_COOKIE" value="d17ec88b43c3f257"/>
    <property name="HUDSON_URL" value="http://localhost:8080/"/>
    <property name="ProgramData" value="C:\ProgramData"/>
    <property name="java.specification.vendor" value="Oracle Corporation"/>
    <property name="USERPROFILE" value="C:\WINDOWS\system32\config\systemprofile"/>
    <property name="CLASSPATH" value=""/>
    <property name="java.vendor.url" value="http://java.oracle.com/"/>
    <property name="java.library.path" value="C:\Program Files\Java\jdk1.8.0_66\bin;C:\WINDOWS\Sun\Java\bin;C:\WINDOWS\system32;C:\WINDOWS;C:\Program Files (x86)\Jenkins\tools\hudson.tasks.Maven_MavenInstallation\maven/bin;C:\Program Files\Java\jdk1.8.0_66/bin;C:\Program Files\Java\jdk1.8.0_66/bin;C:\Program Files\Java\jdk1.8.0_66\bin;c:\python27\;c:\python27\scripts;c:\program files (x86)\intel\icls client\;c:\program files\intel\icls client\;c:\windows\system32;c:\windows;c:\windows\system32\wbem;c:\windows\system32\windowspowershell\v1.0\;c:\program files\intel\intel(r) management engine components\dal;c:\program files\intel\intel(r) management engine components\ipt;c:\program files (x86)\intel\intel(r) management engine components\dal;c:\program files (x86)\intel\intel(r) management engine components\ipt;c:\program files\microsoft sql server\110\tools\binn\;c:\program files (x86)\windows kits\8.1\windows performance toolkit\;c:\program files (x86)\microsoft sdks\typescript\1.0\;c:\program files\microsoft sql server\120\tools\binn\;c:\program files\microsoft sql server\client sdk\odbc\110\tools\binn\;c:\program files (x86)\microsoft sql server\120\tools\binn\;c:\program files\microsoft sql server\120\dts\binn\;c:\program files (x86)\microsoft sql server\120\tools\binn\managementstudio\;c:\program files (x86)\microsoft sql server\120\dts\binn\;c:\program files (x86)\skype\phone\;C:\Program Files (x86)\NVIDIA Corporation\PhysX\Common;C:\ProgramData\Oracle\Java\javapath;;."/>
    <property name="java.vm.vendor" value="Oracle Corporation"/>
    <property name="APPDATA" value="C:\WINDOWS\system32\config\systemprofile\AppData\Roaming"/>
    <property name="java.runtime.name" value="Java(TM) SE Runtime Environment"/>
    <property name="maven.home" value="C:\Program Files (x86)\Jenkins\tools\hudson.tasks.Maven_MavenInstallation\maven"/>
    <property name="java.class.path" value="C:\Program Files (x86)\Jenkins\plugins\maven-plugin\WEB-INF\lib\maven31-agent-1.5.jar;C:\Program Files (x86)\Jenkins\tools\hudson.tasks.Maven_MavenInstallation\maven\boot\plexus-classworlds-2.5.2.jar;C:\Program Files (x86)\Jenkins\tools\hudson.tasks.Maven_MavenInstallation\maven/conf/logging"/>
    <property name="sun.java.command" value="jenkins.maven3.agent.Maven31Main C:\Program Files (x86)\Jenkins\tools\hudson.tasks.Maven_MavenInstallation\maven C:\Program Files (x86)\Jenkins\war\WEB-INF\lib\remoting-2.53.2.jar C:\Program Files (x86)\Jenkins\plugins\maven-plugin\WEB-INF\lib\maven31-interceptor-1.5.jar C:\Program Files (x86)\Jenkins\plugins\maven-plugin\WEB-INF\lib\maven3-interceptor-commons-1.5.jar 6616"/>
    <property name="Path" value="C:\Program Files\Java\jdk1.8.0_66/bin;C:\Program Files\Java\jdk1.8.0_66\bin;c:\python27\;c:\python27\scripts;c:\program files (x86)\intel\icls client\;c:\program files\intel\icls client\;c:\windows\system32;c:\windows;c:\windows\system32\wbem;c:\windows\system32\windowspowershell\v1.0\;c:\program files\intel\intel(r) management engine components\dal;c:\program files\intel\intel(r) management engine components\ipt;c:\program files (x86)\intel\intel(r) management engine components\dal;c:\program files (x86)\intel\intel(r) management engine components\ipt;c:\program files\microsoft sql server\110\tools\binn\;c:\program files (x86)\windows kits\8.1\windows performance toolkit\;c:\program files (x86)\microsoft sdks\typescript\1.0\;c:\program files\microsoft sql server\120\tools\binn\;c:\program files\microsoft sql server\client sdk\odbc\110\tools\binn\;c:\program files (x86)\microsoft sql server\120\tools\binn\;c:\program files\microsoft sql server\120\dts\binn\;c:\program files (x86)\microsoft sql server\120\tools\binn\managementstudio\;c:\program files (x86)\microsoft sql server\120\dts\binn\;c:\program files (x86)\skype\phone\;C:\Program Files (x86)\NVIDIA Corporation\PhysX\Common;C:\ProgramData\Oracle\Java\javapath;"/>
    <property name="VS120COMNTOOLS" value="C:\Program Files (x86)\Microsoft Visual Studio 12.0\Common7\Tools\"/>
    <property name="java.vm.specification.name" value="Java Virtual Machine Specification"/>
    <property name="PROCESSOR_ARCHITECTURE" value="x86"/>
    <property name="PATH+JDK" value="C:\Program Files\Java\jdk1.8.0_66/bin"/>
    <property name="PROCESSOR_IDENTIFIER" value="Intel64 Family 6 Model 60 Stepping 3, GenuineIntel"/>
    <property name="java.vm.specification.version" value="1.8"/>
    <property name="sun.os.patch.level" value=""/>
    <property name="sun.cpu.endian" value="little"/>
    <property name="M2_HOME" value="C:\Program Files (x86)\Jenkins\tools\hudson.tasks.Maven_MavenInstallation\maven"/>
    <property name="java.io.tmpdir" value="C:\WINDOWS\TEMP\"/>
    <property name="OS" value="Windows_NT"/>
    <property name="HUDSON_HOME" value="C:\Program Files (x86)\Jenkins"/>
    <property name="PATH+MAVEN" value="C:\Program Files (x86)\Jenkins\tools\hudson.tasks.Maven_MavenInstallation\maven/bin"/>
    <property name="ProgramFiles(x86)" value="C:\Program Files (x86)"/>
    <property name="BUILD_URL" value="http://localhost:8080/job/ATM/7/"/>
    <property name="java.vendor.url.bug" value="http://bugreport.sun.com/bugreport/"/>
    <property name="java.awt.graphicsenv" value="sun.awt.Win32GraphicsEnvironment"/>
    <property name="os.arch" value="amd64"/>
    <property name="SystemRoot" value="C:\WINDOWS"/>
    <property name="java.ext.dirs" value="C:\Program Files\Java\jdk1.8.0_66\jre\lib\ext;C:\WINDOWS\Sun\Java\lib\ext"/>
    <property name="user.dir" value="C:\Users\Alex\Git\lab 10"/>
    <property name="JOB_URL" value="http://localhost:8080/job/ATM/"/>
    <property name="USERDOMAIN" value="WORKGROUP"/>
    <property name="line.separator" value="
"/>
    <property name="MAVEN_HOME" value="C:\Program Files (x86)\Jenkins\tools\hudson.tasks.Maven_MavenInstallation\maven"/>
    <property name="java.vm.name" value="Java HotSpot(TM) 64-Bit Server VM"/>
    <property name="BUILD_NUMBER" value="7"/>
    <property name="BASE" value="C:\Program Files (x86)\Jenkins"/>
    <property name="JENKINS_URL" value="http://localhost:8080/"/>
    <property name="PROCESSOR_REVISION" value="3c03"/>
    <property name="GIT_BRANCH" value="origin/master"/>
    <property name="ProgramW6432" value="C:\Program Files"/>
    <property name="windir" value="C:\WINDOWS"/>
    <property name="GIT_COMMIT" value="a690b9efac6ad3406158a4ee85297f86b964915b"/>
    <property name="file.encoding" value="Cp1251"/>
    <property name="SystemDrive" value="C:"/>
    <property name="maven3.interceptor" value="C:\Program Files (x86)\Jenkins\plugins\maven-plugin\WEB-INF\lib\maven31-interceptor-1.5.jar"/>
    <property name="WORKSPACE" value="C:\Program Files (x86)\Jenkins\jobs\ATM\workspace"/>
    <property name="maven3.interceptor.common" value="C:\Program Files (x86)\Jenkins\plugins\maven-plugin\WEB-INF\lib\maven3-interceptor-commons-1.5.jar"/>
    <property name="WINSW_EXECUTABLE" value="C:\Program Files (x86)\Jenkins\jenkins.exe"/>
    <property name="java.specification.version" value="1.8"/>
    <property name="PSModulePath" value="C:\WINDOWS\system32\WindowsPowerShell\v1.0\Modules\;C:\Program Files (x86)\Microsoft SQL Server\120\Tools\PowerShell\Modules\"/>
    <property name="GIT_URL" value="https://github.com/SanakAlex/QA_lab_10.git"/>
  </properties>
  <testcase classname="ua.pti.myatm.ATMTest" name="testCheckCard_NoCardInserted" time="0.005"/>
  <testcase classname="ua.pti.myatm.ATMTest" name="testIsEnoughMoneyInAccount_Correct" time="0.218"/>
  <testcase classname="ua.pti.myatm.ATMTest" name="testGetCash_InCorrectOrderGetBalanceBeforeWithdraw" time="0.014"/>
  <testcase classname="ua.pti.myatm.ATMTest" name="testIsEnoughMoneyInATM_Correct" time="0"/>
  <testcase classname="ua.pti.myatm.ATMTest" name="testIsEnoughMoneyInATM_IsNotEnoughMoney_NotEnoughMoneyInATMException" time="0"/>
  <testcase classname="ua.pti.myatm.ATMTest" name="testConstructor_IncorrectSetMoneyInATM_IllegalArgumentException" time="0"/>
  <testcase classname="ua.pti.myatm.ATMTest" name="testGetCash_Correct" time="0.001"/>
  <testcase classname="ua.pti.myatm.ATMTest" name="testValidateCard_CardIsBlockedAndIncorrectPinCode" time="0.001"/>
  <testcase classname="ua.pti.myatm.ATMTest" name="testCheckCard_Correct" time="0"/>
  <testcase classname="ua.pti.myatm.ATMTest" name="testGetCash_NoCardInserted" time="0.001"/>
  <testcase classname="ua.pti.myatm.ATMTest" name="testConstructor_CorrectSetMoneyInATM" time="0"/>
  <testcase classname="ua.pti.myatm.ATMTest" name="testGetCash_NotEnoughMoneyInAccount_NotEnoughMoneyInAccountException" time="0.001"/>
  <testcase classname="ua.pti.myatm.ATMTest" name="testValidateCard_IncorrectPinCode" time="0"/>
  <testcase classname="ua.pti.myatm.ATMTest" name="testCheckBalance_Correct" time="0.001"/>
  <testcase classname="ua.pti.myatm.ATMTest" name="testIsEnoughMoneyInAccount_IsNotEnoughMoney_NotEnoughMoneyInAccountException" time="0.001"/>
  <testcase classname="ua.pti.myatm.ATMTest" name="testValidateCard_Correct" time="0.001"/>
  <testcase classname="ua.pti.myatm.ATMTest" name="testGetCash_InCorrectOrderCall" time="0.001"/>
  <testcase classname="ua.pti.myatm.ATMTest" name="testGetCash_CorrectMoneyTransactionInATM" time="0.001"/>
  <testcase classname="ua.pti.myatm.ATMTest" name="testGetCash_IncorrectPinCode" time="0.001"/>
  <testcase classname="ua.pti.myatm.ATMTest" name="testGetCash_NotEnoughMoneyInATM_NotEnoughMoneyInAccountException" time="0.001"/>
  <testcase classname="ua.pti.myatm.ATMTest" name="testValidateCard_CardIsBlocked" time="0.001"/>
  <testcase classname="ua.pti.myatm.ATMTest" name="testValidateCard_CardIsNull_NoCardInsertedException" time="0"/>
</testsuite>